<?xml version="1.0" encoding="UTF-8"?>
<!-- Generated by org.testng.reporters.JUnitXMLReporter -->
<testsuite ignored="0" hostname="BHARGAVI" failures="3" tests="3" name=" DreamTotalpage Suits" time="3.756" errors="0" timestamp="2025-09-25T14:52:46 IST">
  <testcase classname="tests.DreamsTotalTest" name="testGoodAndBadDreamCounts" time="0.015">
    <failure type="java.lang.AssertionError" message="Good Dreams count calculation failed. expected [6] but found [0]">
      <![CDATA[java.lang.AssertionError: Good Dreams count calculation failed. expected [6] but found [0]
at tests.DreamsTotalTest.testGoodAndBadDreamCounts(DreamsTotalTest.java:45)
at java.base/java.util.ArrayList.forEach(ArrayList.java:1604)
... Removed 31 stack frames]]>
    </failure>
  </testcase> <!-- testGoodAndBadDreamCounts -->
  <testcase classname="tests.DreamsTotalTest" name="testTotalDreamsCount" time="0.011">
    <failure type="java.lang.AssertionError" message="Total Dreams count calculation failed. expected [10] but found [0]">
      <![CDATA[java.lang.AssertionError: Total Dreams count calculation failed. expected [10] but found [0]
at tests.DreamsTotalTest.testTotalDreamsCount(DreamsTotalTest.java:58)
at java.base/java.util.ArrayList.forEach(ArrayList.java:1604)
... Removed 31 stack frames]]>
    </failure>
  </testcase> <!-- testTotalDreamsCount -->
  <testcase classname="tests.DreamsTotalTest" name="testRecurringDreams" time="0.013">
    <failure type="java.lang.AssertionError" message="Recurring Dreams count calculation failed. expected [2] but found [0]">
      <![CDATA[java.lang.AssertionError: Recurring Dreams count calculation failed. expected [2] but found [0]
at tests.DreamsTotalTest.testRecurringDreams(DreamsTotalTest.java:81)
at java.base/java.util.ArrayList.forEach(ArrayList.java:1604)
... Removed 31 stack frames]]>
    </failure>
  </testcase> <!-- testRecurringDreams -->
</testsuite> <!--  DreamTotalpage Suits -->
